13:03:38 INFO  : Registering command handlers for SDK TCF services
13:03:38 INFO  : Launching XSCT server: xsct.bat -interactive C:\Users\user\project_2\project_2.sdk\temp_xsdb_launch_script.tcl
13:03:40 INFO  : XSCT server has started successfully.
13:03:41 INFO  : Successfully done setting XSCT server connection channel  
13:03:41 INFO  : Successfully done setting SDK workspace  
13:03:41 INFO  : Processing command line option -hwspec C:/Users/user/project_2/project_2.sdk/design_1_wrapper.hdf.
13:06:07 INFO  : Connected to target on host '127.0.0.1' and port '3121'.
13:06:09 INFO  : 'targets -set -filter {jtag_cable_name =~ "Digilent Zybo Z7 210351A78683A" && level==0} -index 1' command is executed.
13:06:13 INFO  : FPGA configured successfully with bitstream "C:/Users/user/project_2/project_2.sdk/design_1_wrapper_hw_platform_0/design_1_wrapper.bit"
13:06:33 INFO  : 'targets -set -filter {jtag_cable_name =~ "Digilent Zybo Z7 210351A78683A" && level==0} -index 1' command is executed.
13:06:33 INFO  : 'fpga -state' command is executed.
13:06:33 INFO  : Connected to target on host '127.0.0.1' and port '3121'.
13:06:33 INFO  : Jtag cable 'Digilent Zybo Z7 210351A78683A' is selected.
13:06:33 INFO  : 'jtag frequency' command is executed.
13:06:33 INFO  : Sourcing of 'C:/Users/user/project_2/project_2.sdk/design_1_wrapper_hw_platform_0/ps7_init.tcl' is done.
13:06:33 INFO  : Context for 'APU' is selected.
13:06:33 INFO  : Hardware design information is loaded from 'C:/Users/user/project_2/project_2.sdk/design_1_wrapper_hw_platform_0/system.hdf'.
13:06:33 INFO  : 'configparams force-mem-access 1' command is executed.
13:06:33 INFO  : Context for 'APU' is selected.
13:06:33 INFO  : 'stop' command is executed.
13:06:33 INFO  : 'ps7_init' command is executed.
13:06:33 INFO  : 'ps7_post_config' command is executed.
13:06:33 INFO  : Context for processor 'ps7_cortexa9_0' is selected.
13:06:33 INFO  : Processor reset is completed for 'ps7_cortexa9_0'.
13:06:33 INFO  : Context for processor 'ps7_cortexa9_0' is selected.
13:06:33 INFO  : The application 'C:/Users/user/project_2/project_2.sdk/123/Debug/123.elf' is downloaded to processor 'ps7_cortexa9_0'.
13:06:33 INFO  : 'configparams force-mem-access 0' command is executed.
13:06:33 INFO  : ----------------XSDB Script----------------
connect -url tcp:127.0.0.1:3121
source C:/Users/user/project_2/project_2.sdk/design_1_wrapper_hw_platform_0/ps7_init.tcl
targets -set -nocase -filter {name =~"APU*" && jtag_cable_name =~ "Digilent Zybo Z7 210351A78683A"} -index 0
loadhw -hw C:/Users/user/project_2/project_2.sdk/design_1_wrapper_hw_platform_0/system.hdf -mem-ranges [list {0x40000000 0xbfffffff}]
configparams force-mem-access 1
targets -set -nocase -filter {name =~"APU*" && jtag_cable_name =~ "Digilent Zybo Z7 210351A78683A"} -index 0
stop
ps7_init
ps7_post_config
targets -set -nocase -filter {name =~ "ARM*#0" && jtag_cable_name =~ "Digilent Zybo Z7 210351A78683A"} -index 0
rst -processor
targets -set -nocase -filter {name =~ "ARM*#0" && jtag_cable_name =~ "Digilent Zybo Z7 210351A78683A"} -index 0
dow C:/Users/user/project_2/project_2.sdk/123/Debug/123.elf
configparams force-mem-access 0
----------------End of Script----------------

13:06:34 INFO  : Memory regions updated for context APU
13:06:34 INFO  : Context for processor 'ps7_cortexa9_0' is selected.
13:06:34 INFO  : 'con' command is executed.
13:06:34 INFO  : ----------------XSDB Script (After Launch)----------------
targets -set -nocase -filter {name =~ "ARM*#0" && jtag_cable_name =~ "Digilent Zybo Z7 210351A78683A"} -index 0
con
----------------End of Script----------------

13:06:34 INFO  : Launch script is exported to file 'C:\Users\user\project_2\project_2.sdk\.sdk\launch_scripts\xilinx_c-c++_application_(system_debugger)\system_debugger_using_debug_123.elf_on_local.tcl'
13:12:28 INFO  : Disconnected from the channel tcfchan#1.
13:12:29 INFO  : 'targets -set -filter {jtag_cable_name =~ "Digilent Zybo Z7 210351A78683A" && level==0} -index 1' command is executed.
13:12:29 INFO  : 'fpga -state' command is executed.
13:12:29 INFO  : Connected to target on host '127.0.0.1' and port '3121'.
13:12:30 INFO  : Jtag cable 'Digilent Zybo Z7 210351A78683A' is selected.
13:12:30 INFO  : 'jtag frequency' command is executed.
13:12:30 INFO  : Sourcing of 'C:/Users/user/project_2/project_2.sdk/design_1_wrapper_hw_platform_0/ps7_init.tcl' is done.
13:12:30 INFO  : Context for 'APU' is selected.
13:12:31 INFO  : Hardware design information is loaded from 'C:/Users/user/project_2/project_2.sdk/design_1_wrapper_hw_platform_0/system.hdf'.
13:12:31 INFO  : 'configparams force-mem-access 1' command is executed.
13:12:31 INFO  : Context for 'APU' is selected.
13:12:31 INFO  : 'stop' command is executed.
13:12:31 INFO  : 'ps7_init' command is executed.
13:12:31 INFO  : 'ps7_post_config' command is executed.
13:12:32 INFO  : Context for processor 'ps7_cortexa9_0' is selected.
13:12:32 INFO  : Processor reset is completed for 'ps7_cortexa9_0'.
13:12:32 INFO  : Context for processor 'ps7_cortexa9_0' is selected.
13:12:32 INFO  : The application 'C:/Users/user/project_2/project_2.sdk/123/Debug/123.elf' is downloaded to processor 'ps7_cortexa9_0'.
13:12:32 INFO  : 'configparams force-mem-access 0' command is executed.
13:12:32 INFO  : ----------------XSDB Script----------------
connect -url tcp:127.0.0.1:3121
source C:/Users/user/project_2/project_2.sdk/design_1_wrapper_hw_platform_0/ps7_init.tcl
targets -set -nocase -filter {name =~"APU*" && jtag_cable_name =~ "Digilent Zybo Z7 210351A78683A"} -index 0
loadhw -hw C:/Users/user/project_2/project_2.sdk/design_1_wrapper_hw_platform_0/system.hdf -mem-ranges [list {0x40000000 0xbfffffff}]
configparams force-mem-access 1
targets -set -nocase -filter {name =~"APU*" && jtag_cable_name =~ "Digilent Zybo Z7 210351A78683A"} -index 0
stop
ps7_init
ps7_post_config
targets -set -nocase -filter {name =~ "ARM*#0" && jtag_cable_name =~ "Digilent Zybo Z7 210351A78683A"} -index 0
rst -processor
targets -set -nocase -filter {name =~ "ARM*#0" && jtag_cable_name =~ "Digilent Zybo Z7 210351A78683A"} -index 0
dow C:/Users/user/project_2/project_2.sdk/123/Debug/123.elf
configparams force-mem-access 0
----------------End of Script----------------

13:12:32 INFO  : Memory regions updated for context APU
13:12:32 INFO  : Context for processor 'ps7_cortexa9_0' is selected.
13:12:32 INFO  : 'con' command is executed.
13:12:32 INFO  : ----------------XSDB Script (After Launch)----------------
targets -set -nocase -filter {name =~ "ARM*#0" && jtag_cable_name =~ "Digilent Zybo Z7 210351A78683A"} -index 0
con
----------------End of Script----------------

13:12:32 INFO  : Launch script is exported to file 'C:\Users\user\project_2\project_2.sdk\.sdk\launch_scripts\xilinx_c-c++_application_(system_debugger)\system_debugger_using_debug_123.elf_on_local.tcl'
13:13:34 INFO  : Disconnected from the channel tcfchan#2.
13:13:35 INFO  : 'targets -set -filter {jtag_cable_name =~ "Digilent Zybo Z7 210351A78683A" && level==0} -index 1' command is executed.
13:13:35 INFO  : 'fpga -state' command is executed.
13:13:35 INFO  : Connected to target on host '127.0.0.1' and port '3121'.
13:13:35 INFO  : Jtag cable 'Digilent Zybo Z7 210351A78683A' is selected.
13:13:35 INFO  : 'jtag frequency' command is executed.
13:13:35 INFO  : Sourcing of 'C:/Users/user/project_2/project_2.sdk/design_1_wrapper_hw_platform_0/ps7_init.tcl' is done.
13:13:35 INFO  : Context for 'APU' is selected.
13:13:37 INFO  : Hardware design information is loaded from 'C:/Users/user/project_2/project_2.sdk/design_1_wrapper_hw_platform_0/system.hdf'.
13:13:37 INFO  : 'configparams force-mem-access 1' command is executed.
13:13:37 INFO  : Context for 'APU' is selected.
13:13:37 INFO  : 'stop' command is executed.
13:13:37 INFO  : 'ps7_init' command is executed.
13:13:37 INFO  : 'ps7_post_config' command is executed.
13:13:37 INFO  : Context for processor 'ps7_cortexa9_0' is selected.
13:13:37 INFO  : Processor reset is completed for 'ps7_cortexa9_0'.
13:13:37 INFO  : Context for processor 'ps7_cortexa9_0' is selected.
13:13:38 INFO  : The application 'C:/Users/user/project_2/project_2.sdk/123/Debug/123.elf' is downloaded to processor 'ps7_cortexa9_0'.
13:13:38 INFO  : 'configparams force-mem-access 0' command is executed.
13:13:38 INFO  : ----------------XSDB Script----------------
connect -url tcp:127.0.0.1:3121
source C:/Users/user/project_2/project_2.sdk/design_1_wrapper_hw_platform_0/ps7_init.tcl
targets -set -nocase -filter {name =~"APU*" && jtag_cable_name =~ "Digilent Zybo Z7 210351A78683A"} -index 0
loadhw -hw C:/Users/user/project_2/project_2.sdk/design_1_wrapper_hw_platform_0/system.hdf -mem-ranges [list {0x40000000 0xbfffffff}]
configparams force-mem-access 1
targets -set -nocase -filter {name =~"APU*" && jtag_cable_name =~ "Digilent Zybo Z7 210351A78683A"} -index 0
stop
ps7_init
ps7_post_config
targets -set -nocase -filter {name =~ "ARM*#0" && jtag_cable_name =~ "Digilent Zybo Z7 210351A78683A"} -index 0
rst -processor
targets -set -nocase -filter {name =~ "ARM*#0" && jtag_cable_name =~ "Digilent Zybo Z7 210351A78683A"} -index 0
dow C:/Users/user/project_2/project_2.sdk/123/Debug/123.elf
configparams force-mem-access 0
----------------End of Script----------------

13:13:38 INFO  : Memory regions updated for context APU
13:13:38 INFO  : Context for processor 'ps7_cortexa9_0' is selected.
13:13:38 INFO  : 'con' command is executed.
13:13:38 INFO  : ----------------XSDB Script (After Launch)----------------
targets -set -nocase -filter {name =~ "ARM*#0" && jtag_cable_name =~ "Digilent Zybo Z7 210351A78683A"} -index 0
con
----------------End of Script----------------

13:13:38 INFO  : Launch script is exported to file 'C:\Users\user\project_2\project_2.sdk\.sdk\launch_scripts\xilinx_c-c++_application_(system_debugger)\system_debugger_using_debug_123.elf_on_local.tcl'
